{
  "RSpec": {
    "coverage": {
      "/Users/iaquino47/Projects/Weekly Challenges/oystercard/spec/journey_spec.rb": [
        1,
        null,
        1,
        3,
        null,
        1,
        1,
        null,
        null,
        1,
        1,
        null,
        null,
        1,
        1,
        null,
        null,
        1,
        1,
        1,
        1,
        null,
        null,
        1,
        1,
        null,
        null,
        1,
        3,
        null,
        1,
        2,
        null,
        null,
        1,
        1,
        null,
        null,
        1,
        1,
        null,
        null,
        null,
        null
      ],
      "/Users/iaquino47/Projects/Weekly Challenges/oystercard/lib/journey.rb": [
        null,
        1,
        1,
        1,
        1,
        null,
        1,
        12,
        12,
        null,
        null,
        1,
        6,
        4,
        null,
        2,
        null,
        null,
        null,
        1,
        6,
        6,
        null,
        null,
        1,
        8,
        null,
        null
      ],
      "/Users/iaquino47/Projects/Weekly Challenges/oystercard/spec/oystercard_spec.rb": [
        null,
        null,
        1,
        1,
        1,
        1,
        null,
        null,
        1,
        1,
        1,
        null,
        null,
        1,
        2,
        null,
        null,
        1,
        1,
        1,
        1,
        null,
        null,
        1,
        1,
        1,
        1,
        1,
        null,
        null,
        1,
        2,
        null,
        null,
        1,
        1,
        2,
        null,
        null,
        1,
        1,
        1,
        4,
        null,
        null,
        1,
        1,
        null,
        null,
        1,
        1,
        1,
        1,
        1,
        null,
        null
      ],
      "/Users/iaquino47/Projects/Weekly Challenges/oystercard/lib/oystercard.rb": [
        1,
        null,
        1,
        1,
        1,
        1,
        10,
        10,
        10,
        null,
        null,
        1,
        null,
        1,
        7,
        6,
        null,
        null,
        1,
        6,
        5,
        null,
        null,
        1,
        3,
        3,
        3,
        null,
        null,
        1,
        null,
        1,
        3,
        null,
        null
      ],
      "/Users/iaquino47/Projects/Weekly Challenges/oystercard/spec/station_spec.rb": [
        1,
        null,
        1,
        3,
        null,
        1,
        1,
        null,
        null,
        1,
        1,
        null,
        null,
        null
      ],
      "/Users/iaquino47/Projects/Weekly Challenges/oystercard/lib/station.rb": [
        1,
        1,
        null,
        1,
        2,
        2,
        null,
        null
      ]
    },
    "timestamp": 1562161492
  }
}
