{
  "RSpec": {
    "coverage": {
      "/Users/student/oystercard/spec/journey_log_spec.rb": [
        1,
        null,
        1,
        5,
        4,
        3,
        5,
        null,
        1,
        1,
        null,
        null,
        1,
        1,
        1,
        null,
        null,
        1,
        1,
        1,
        1,
        null,
        null,
        1,
        1,
        1,
        1,
        null,
        1,
        null,
        null,
        null
      ],
      "/Users/student/oystercard/lib/journey_log.rb": [
        1,
        null,
        1,
        1,
        1,
        10,
        10,
        10,
        null,
        null,
        1,
        4,
        4,
        null,
        null,
        1,
        2,
        2,
        2,
        null,
        null,
        1,
        1,
        null,
        null,
        1,
        2,
        2,
        null,
        null,
        1,
        4,
        null,
        null,
        1,
        1,
        null,
        null,
        null,
        null
      ],
      "/Users/student/oystercard/lib/journey.rb": [
        null,
        1,
        1,
        1,
        1,
        null,
        1,
        9,
        9,
        null,
        null,
        1,
        4,
        2,
        null,
        2,
        null,
        null,
        null,
        1,
        4,
        4,
        null,
        null,
        1,
        6,
        null,
        null
      ],
      "/Users/student/oystercard/spec/journey_spec.rb": [
        1,
        null,
        1,
        8,
        7,
        1,
        1,
        null,
        null,
        1,
        1,
        null,
        null,
        1,
        1,
        null,
        null,
        1,
        1,
        1,
        1,
        null,
        null,
        1,
        1,
        null,
        null,
        1,
        3,
        null,
        1,
        2,
        null,
        null,
        1,
        1,
        null,
        null,
        1,
        1,
        null,
        null,
        null,
        null
      ],
      "/Users/student/oystercard/spec/oystercard_spec.rb": [
        null,
        null,
        1,
        1,
        1,
        1,
        null,
        null,
        1,
        1,
        1,
        null,
        null,
        1,
        2,
        null,
        null,
        null,
        null,
        null,
        null,
        null,
        null,
        null,
        null,
        null,
        null,
        null,
        null,
        null,
        1,
        2,
        null,
        null,
        1,
        1,
        2,
        null,
        null,
        1,
        1,
        1,
        4,
        null,
        null,
        null
      ],
      "/Users/student/oystercard/lib/oystercard.rb": [
        1,
        1,
        null,
        1,
        1,
        1,
        1,
        6,
        6,
        null,
        null,
        1,
        null,
        1,
        4,
        3,
        null,
        null,
        1,
        3,
        2,
        null,
        null,
        1,
        1,
        1,
        1,
        null,
        null,
        1,
        null,
        1,
        1,
        null,
        null
      ],
      "/Users/student/oystercard/spec/station_spec.rb": [
        1,
        null,
        1,
        3,
        null,
        1,
        1,
        null,
        null,
        1,
        1,
        null,
        null,
        null
      ],
      "/Users/student/oystercard/lib/station.rb": [
        1,
        1,
        null,
        1,
        2,
        2,
        null,
        null
      ]
    },
    "timestamp": 1562170776
  }
}
